<?xml version="1.0" encoding="UTF-8"?>
<testsuite name="MathUnitTest" tests="2" skipped="0" failures="0" errors="0" timestamp="2021-11-03T07:37:36" hostname="THINKPAD" time="0.024">
  <properties/>
  <testcase name="Simple test" classname="MathUnitTest" time="0.021"/>
  <testcase name="Failure Test" classname="MathUnitTest" time="0.002"/>
  <system-out><![CDATA[]]></system-out>
  <system-err><![CDATA[]]></system-err>
</testsuite>
