<?xml version="1.0" encoding="UTF-8"?>
<testsuite name="MathUnitTest" tests="1" skipped="0" failures="0" errors="0" timestamp="2021-11-03T10:28:46" hostname="THINKPAD" time="0.018">
  <properties/>
  <testcase name="Simple test 2" classname="MathUnitTest" time="0.018"/>
  <system-out><![CDATA[]]></system-out>
  <system-err><![CDATA[]]></system-err>
</testsuite>
