<?xml version="1.0" encoding="UTF-8"?>
<testsuite name="MathUnitTest" tests="2" skipped="0" failures="0" errors="0" timestamp="2021-11-08T08:40:08" hostname="THINKPAD" time="0.021">
  <properties/>
  <testcase name="Simple test" classname="MathUnitTest" time="0.018"/>
  <testcase name="Simple test 2" classname="MathUnitTest" time="0.001"/>
  <system-out><![CDATA[]]></system-out>
  <system-err><![CDATA[]]></system-err>
</testsuite>
