<?xml version="1.0" encoding="UTF-8"?>
<testsuite name="MathUnitTest" tests="3" skipped="0" failures="0" errors="0" timestamp="2021-11-04T09:00:46" hostname="THINKPAD" time="0.023">
  <properties/>
  <testcase name="Simple test" classname="MathUnitTest" time="0.019"/>
  <testcase name="Simple test 2" classname="MathUnitTest" time="0.002"/>
  <testcase name="Failure Test" classname="MathUnitTest" time="0.001"/>
  <system-out><![CDATA[]]></system-out>
  <system-err><![CDATA[]]></system-err>
</testsuite>
