<?xml version="1.0" encoding="UTF-8"?>
<testsuite name="MathUnitTest" tests="1" skipped="0" failures="0" errors="0" timestamp="2021-11-02T06:47:31" hostname="THINKPAD" time="0.021">
  <properties/>
  <testcase name="Simple test" classname="MathUnitTest" time="0.021"/>
  <system-out><![CDATA[]]></system-out>
  <system-err><![CDATA[]]></system-err>
</testsuite>
